<?xml version="1.0" encoding="UTF-8"?>
<TestRun id="af0f7af6-c1d9-45e3-ac3a-898863d64c2c" name="GIR@YOYO 2015-08-16 14:48:08" runUser="YOYO\GIR" xmlns="http://microsoft.com/schemas/VisualStudio/TeamTest/2010">
  <TestSettings name="本地" id="bfb5ce39-a539-421c-b915-4e08de7d3b04">
    <Description>这些设置为本地测试运行的默认测试设置。</Description>
    <Deployment enabled="false" runDeploymentRoot="GIR_YOYO 2015-08-16 14_48_08">
      <DeploymentItem filename="D:\Project_Management\远程诊疗\技术测试\AnyChatTest\XSDAnyChat\bin\Debug\XSDAnyChat.dll" />
    </Deployment>
    <Execution>
      <TestTypeSpecific />
      <AgentRule name="Execution Agents">
      </AgentRule>
    </Execution>
  </TestSettings>
  <Times creation="2015-08-16T14:48:08.0049161+08:00" queuing="2015-08-16T14:48:08.0169255+08:00" start="2015-08-16T14:48:08.0229289+08:00" finish="2015-08-16T14:48:24.7855726+08:00" />
  <ResultSummary outcome="Completed">
    <Counters total="1" executed="1" passed="1" error="0" failed="0" timeout="0" aborted="0" inconclusive="0" passedButRunAborted="0" notRunnable="0" notExecuted="0" disconnected="0" warning="0" completed="0" inProgress="0" pending="0" />
  </ResultSummary>
  <TestDefinitions>
    <UnitTest name="TestMethod1" storage="d:\project_management\远程诊疗\anychatcoresdk_win32_r4840\src\client\c#\anychatcallcenter\testproject1\bin\debug\testproject1.dll" id="59863143-3238-122e-4d8a-637b491cc755">
      <Execution id="0402e0d9-fa50-4196-9110-2d13cdc720f2" />
      <TestMethod codeBase="D:/Project_Management/远程诊疗/AnyChatCoreSDK_Win32_r4840/src/client/c#/AnyChatCallCenter/TestProject1/bin/Debug/TestProject1.DLL" adapterTypeName="Microsoft.VisualStudio.TestTools.TestTypes.Unit.UnitTestAdapter, Microsoft.VisualStudio.QualityTools.Tips.UnitTest.Adapter, Version=10.0.0.0, Culture=neutral, PublicKeyToken=b03f5f7f11d50a3a" className="TestProject1.UnitTest1, TestProject1, Version=1.0.0.0, Culture=neutral, PublicKeyToken=null" name="TestMethod1" />
    </UnitTest>
  </TestDefinitions>
  <TestLists>
    <TestList name="列表中未列出的结果" id="8c84fa94-04c1-424b-9868-57a2d4851a1d" />
    <TestList name="所有已加载的结果" id="19431567-8539-422a-85d7-44ee4e166bda" />
  </TestLists>
  <TestEntries>
    <TestEntry testId="59863143-3238-122e-4d8a-637b491cc755" executionId="0402e0d9-fa50-4196-9110-2d13cdc720f2" testListId="8c84fa94-04c1-424b-9868-57a2d4851a1d" />
  </TestEntries>
  <Results>
    <UnitTestResult executionId="0402e0d9-fa50-4196-9110-2d13cdc720f2" testId="59863143-3238-122e-4d8a-637b491cc755" testName="TestMethod1" computerName="YOYO" duration="00:00:16.4142549" startTime="2015-08-16T14:48:08.0259317+08:00" endTime="2015-08-16T14:48:24.7655583+08:00" testType="13cdc9d9-ddb5-4fa4-a97d-d965ccfc6d4b" outcome="Passed" testListId="8c84fa94-04c1-424b-9868-57a2d4851a1d" relativeResultsDirectory="0402e0d9-fa50-4196-9110-2d13cdc720f2">
    </UnitTestResult>
  </Results>
</TestRun>